E:\USERS\PAYNE_000\DEV\CONSOLEAPPLICATION1\CONSOLEAPPLICATION1\RELEASE\CONSOLEAPPLICATION1.PCH
E:\USERS\PAYNE_000\DEV\CONSOLEAPPLICATION1\CONSOLEAPPLICATION1\RELEASE\STDAFX.OBJ
E:\USERS\PAYNE_000\DEV\CONSOLEAPPLICATION1\CONSOLEAPPLICATION1\RELEASE\VC110.PDB
E:\USERS\PAYNE_000\DEV\CONSOLEAPPLICATION1\CONSOLEAPPLICATION1\RELEASE\CONSOLEAPPLICATION1.OBJ
E:\USERS\PAYNE_000\DEV\CONSOLEAPPLICATION1\RELEASE\CONSOLEAPPLICATION1.EXE
E:\USERS\PAYNE_000\DEV\CONSOLEAPPLICATION1\RELEASE\CONSOLEAPPLICATION1.PDB
E:\Users\payne_000\dev\ConsoleApplication1\ConsoleApplication1\Release\ConsoleApplication1.obj
E:\Users\payne_000\dev\ConsoleApplication1\ConsoleApplication1\Release\stdafx.obj
E:\Users\payne_000\dev\ConsoleApplication1\ConsoleApplication1\Release\cl.command.1.tlog
E:\Users\payne_000\dev\ConsoleApplication1\ConsoleApplication1\Release\CL.read.1.tlog
E:\Users\payne_000\dev\ConsoleApplication1\ConsoleApplication1\Release\CL.write.1.tlog
E:\Users\payne_000\dev\ConsoleApplication1\ConsoleApplication1\Release\link-cvtres.read.1.tlog
E:\Users\payne_000\dev\ConsoleApplication1\ConsoleApplication1\Release\link-cvtres.write.1.tlog
E:\Users\payne_000\dev\ConsoleApplication1\ConsoleApplication1\Release\link-rc.read.1.tlog
E:\Users\payne_000\dev\ConsoleApplication1\ConsoleApplication1\Release\link-rc.write.1.tlog
E:\Users\payne_000\dev\ConsoleApplication1\ConsoleApplication1\Release\link.command.1.tlog
E:\Users\payne_000\dev\ConsoleApplication1\ConsoleApplication1\Release\link.read.1.tlog
E:\Users\payne_000\dev\ConsoleApplication1\ConsoleApplication1\Release\link.write.1.tlog
E:\Users\payne_000\dev\ConsoleApplication1\ConsoleApplication1\Release\ConsoleApplication1.pch
E:\Users\payne_000\dev\ConsoleApplication1\ConsoleApplication1\Release\vc110.pdb
E:\Users\payne_000\dev\ConsoleApplication1\Release\ConsoleApplication1.pdb
E:\Users\payne_000\dev\ConsoleApplication1\Release\ConsoleApplication1.exe
